<?xml version="1.0" encoding="UTF-8"?>
<testsuite name="practical1.NumberToolsTest" tests="2" skipped="0" failures="0" errors="0" timestamp="2022-09-29T12:19:58" hostname="SATELLITE" time="0.014">
  <properties/>
  <testcase name="testParse" classname="practical1.NumberToolsTest" time="0.005"/>
  <testcase name="testComputeStatistic" classname="practical1.NumberToolsTest" time="0.009"/>
  <system-out><![CDATA[]]></system-out>
  <system-err><![CDATA[]]></system-err>
</testsuite>
